<?xml version="1.0" encoding="UTF-8"?>
<testsuite name="FooTest" tests="1" skipped="0" failures="0" errors="0" timestamp="2019-12-10T15:23:15" hostname="DESKTOP-7OUH06V" time="0.019">
  <properties/>
  <testcase name="test()" classname="FooTest" time="0.019"/>
  <system-out><![CDATA[]]></system-out>
  <system-err><![CDATA[]]></system-err>
</testsuite>
