<?xml version="1.0" encoding="UTF-8"?>
<testsuite name="SecondTest" tests="1" skipped="0" failures="0" errors="0" timestamp="2019-12-09T20:49:24" hostname="DESKTOP-7OUH06V" time="0.001">
  <properties/>
  <testcase name="test()" classname="SecondTest" time="0.001"/>
  <system-out><![CDATA[]]></system-out>
  <system-err><![CDATA[]]></system-err>
</testsuite>
